<?xml version="1.0" encoding="UTF-8"?>
<!-- Generated by org.testng.reporters.JUnitReportReporter -->
<testsuite hostname="LAPTOP-LNQO9FQU" failures="0" tests="1" name="KYRACLINIC.LoginPage" time="8.048" errors="0" timestamp="2022-05-16T12:19:14 AEST" skipped="0">
  <testcase classname="KYRACLINIC.LoginPage" name="homePageNavigation" time="8.048"/>
  <system-out/>
</testsuite> <!-- KYRACLINIC.LoginPage -->
